RCP Extension installed/updated background.js:107:11
Background script received message: 
Object { action: "getFolders" }
background.js:173:11
Background script received message: 
Object { action: "getFolders" }
background.js:173:11
Background script received message: 
Object { action: "createFolder", name: "Jbs" }
background.js:173:11
Background script received message: 
Object { action: "getFolders" }
background.js:173:11
Background script received message: 
Object { action: "getFolders" }
background.js:173:11
Content-Security-Policy: The page’s settings blocked an event handler (script-src-attr) from being executed because it violates the following directive: “script-src 'self' 'wasm-unsafe-eval'”. Consider using a hash ('sha256-dpqEK2cTuQ7Nxkw4az8tifrsg/UgyatvP0lZEjf84+U=') together with 'unsafe-hashes'.
Source: closeModal('addFolderModal') 2 full-ui.html
Content-Security-Policy: The page’s settings blocked an event handler (script-src-attr) from being executed because it violates the following directive: “script-src 'self' 'wasm-unsafe-eval'”. Consider using a hash ('sha256-fW6BKlbdfXgcv5U+hNuNvoV4bT4PbsPLgXuFBydfBZk=') together with 'unsafe-hashes'.
Source: closeModal('addPromptModal') 2 full-ui.html
Background script received message: 
Object { action: "getFolders" }
background.js:173:11
Ruleset ignored due to bad selector. full-ui.html:570:31
DOM Content Loaded - Initializing RCP Popup popup.js:2:11
Element check results: popup.js:19:11
folderList: 
<div id="folderList">
popup.js:20:11
addFolderBtn: 
<button id="addFolderBtn" class="btn">
popup.js:21:11
addPromptBtn: 
<button id="addPromptBtn" class="btn btn-secondary">
popup.js:22:11
saveSelectionBtn: 
<button id="saveSelectionBtn" class="btn btn-accent">
popup.js:23:11
discoverBtn: 
<button id="discoverBtn" class="btn btn-secondary">
popup.js:24:11
resetBtn: 
<button id="resetBtn" class="btn btn-secondary">
popup.js:25:11
openFullBtn: 
<button id="openFullBtn" class="btn btn-accent">
popup.js:26:11
importFileBtn: 
<button id="importFileBtn" class="btn btn-secondary">
popup.js:27:11
manageCategoriesBtn: 
<button id="manageCategoriesBtn" class="btn btn-secondary">
popup.js:28:11
fileInput: 
<input id="fileInput" type="file" style="display: none;" accept=".md,.txt,.json" multiple="">
popup.js:29:11
searchInput: 
<input id="search-input" class="search-input" type="text" placeholder="Search prompts and folders...">
popup.js:30:11
statsText: 
<span id="stats-text">
popup.js:31:11
compactToggle: 
<div id="compact-toggle" class="toggle-switch">
popup.js:32:11
Loading folders... popup.js:479:15
Popup script initialized successfully popup.js:994:11
Background script received message: 
Object { action: "getFolders" }
background.js:173:11
Folders loaded: 
Array [ {…} ]
popup.js:482:15
Rendering folders... popup.js:506:13
Content-Security-Policy: The page’s settings blocked an event handler (script-src-attr) from being executed because it violates the following directive: “script-src 'self' 'wasm-unsafe-eval'”. Consider using a hash ('sha256-Dko/DGreWQ7mhc0ug6V1C6WWzUME7KrfVPW+om+MGso=') together with 'unsafe-hashes'. popup.js:587:5
Content-Security-Policy: The page’s settings blocked an event handler (script-src-attr) from being executed because it violates the following directive: “script-src 'self' 'wasm-unsafe-eval'”. Consider using a hash ('sha256-1sfrPT43FfP7LIeLjFqjWY19T/PjCgeSHfcbZEbWmhQ=') together with 'unsafe-hashes'. popup.js:587:5
Content-Security-Policy: The page’s settings blocked an event handler (script-src-attr) from being executed because it violates the following directive: “script-src 'self' 'wasm-unsafe-eval'”. Consider using a hash ('sha256-8v3bXFDOQsGNPdF7yno4hxsYplf2rLktGfyIGQQ4itU=') together with 'unsafe-hashes'. popup.js:587:5
Content-Security-Policy: The page’s settings blocked an event handler (script-src-attr) from being executed because it violates the following directive: “script-src 'self' 'wasm-unsafe-eval'”. Consider using a hash ('sha256-wYDaEQ0n1Ta+WxUcxugEC4OWacZHkI6153tVwWpz3+Q=') together with 'unsafe-hashes'. popup.js:587:5
Import File button clicked popup.js:139:13
showImportFileModal called popup.js:294:13
Modal HTML created, appending to body popup.js:340:13
Adding event listeners to modal buttons popup.js:347:13
