2025-08-23 08:31:13,306 | INFO | Loaded 29 extensions for pre-installation
2025-08-23 08:31:13,308 | INFO | Session initialized: 16d60220
2025-08-23 08:31:13,309 | INFO | Installing core dependencies...
2025-08-23 08:31:13,310 | INFO | Installing 23 dependencies for colab
2025-08-23 08:31:14,396 | INFO | Installed batch 1: ['streamlit>=1.28.0', 'gradio>=4.0.0', 'torch>=2.0.0', 'torchvision', 'transformers>=4.30.0']
2025-08-23 08:31:14,876 | INFO | Installed batch 2: ['diffusers>=0.21.0', 'accelerate', 'xformers', 'opencv-python', 'Pillow>=10.0.0']
2025-08-23 08:31:15,343 | INFO | Installed batch 3: ['numpy', 'pandas', 'requests', 'tqdm', 'pyyaml']
2025-08-23 08:31:15,800 | INFO | Installed batch 4: ['jsonschema', 'aiohttp', 'aiofiles', 'psutil', 'matplotlib']
2025-08-23 08:31:16,253 | INFO | Installed batch 5: ['seaborn', 'plotly', 'rich']
2025-08-23 08:31:16,255 | INFO | Setting up unified storage...
2025-08-23 08:31:16,255 | INFO | Setting up unified storage structure...
2025-08-23 08:31:16,256 | INFO | Created checkpoints directory: /content/SD-DarkMaster-Pro/storage/models/Stable-diffusion
2025-08-23 08:31:16,256 | INFO | Created vae directory: /content/SD-DarkMaster-Pro/storage/models/VAE
2025-08-23 08:31:16,257 | INFO | Created lora directory: /content/SD-DarkMaster-Pro/storage/models/Lora
2025-08-23 08:31:16,257 | INFO | Created embeddings directory: /content/SD-DarkMaster-Pro/storage/embeddings
2025-08-23 08:31:16,258 | INFO | Created hypernetworks directory: /content/SD-DarkMaster-Pro/storage/models/hypernetworks
2025-08-23 08:31:16,258 | INFO | Created controlnet directory: /content/SD-DarkMaster-Pro/storage/models/ControlNet
2025-08-23 08:31:16,259 | INFO | Created upscalers directory: /content/SD-DarkMaster-Pro/storage/models/ESRGAN
2025-08-23 08:31:16,260 | INFO | Creating configuration files...
2025-08-23 08:31:16,261 | INFO | Created Streamlit config: /content/SD-DarkMaster-Pro/configs/streamlit/config.toml
2025-08-23 08:31:16,261 | INFO | Created Gradio config: /content/SD-DarkMaster-Pro/configs/gradio_fallback/interface_config.json
2025-08-23 08:31:16,263 | INFO | Created environment config: /content/SD-DarkMaster-Pro/configs/environment.json
2025-08-23 08:31:17,922 | INFO | Initializing unified storage structure...
2025-08-23 08:31:17,923 | INFO | Created models/checkpoints: /workspace/SD-DarkMaster-Pro/storage/models/Stable-diffusion
2025-08-23 08:31:17,923 | INFO | Created models/vae: /workspace/SD-DarkMaster-Pro/storage/models/VAE
2025-08-23 08:31:17,924 | INFO | Created models/lora: /workspace/SD-DarkMaster-Pro/storage/models/Lora
2025-08-23 08:31:17,924 | INFO | Created models/lycoris: /workspace/SD-DarkMaster-Pro/storage/models/LyCORIS
2025-08-23 08:31:17,925 | INFO | Created models/embeddings: /workspace/SD-DarkMaster-Pro/storage/embeddings
2025-08-23 08:31:17,925 | INFO | Created models/hypernetworks: /workspace/SD-DarkMaster-Pro/storage/models/hypernetworks
2025-08-23 08:31:17,925 | INFO | Created models/controlnet: /workspace/SD-DarkMaster-Pro/storage/models/ControlNet
2025-08-23 08:31:17,926 | INFO | Created models/upscalers: /workspace/SD-DarkMaster-Pro/storage/models/ESRGAN
2025-08-23 08:31:17,926 | INFO | Created models/clip: /workspace/SD-DarkMaster-Pro/storage/models/CLIP
2025-08-23 08:31:17,926 | INFO | Created models/clip_vision: /workspace/SD-DarkMaster-Pro/storage/models/CLIP_vision
2025-08-23 08:31:17,926 | INFO | Created models/diffusers: /workspace/SD-DarkMaster-Pro/storage/models/diffusers
2025-08-23 08:31:17,927 | INFO | Created outputs/txt2img: /workspace/SD-DarkMaster-Pro/storage/outputs/txt2img-images
2025-08-23 08:31:17,927 | INFO | Created outputs/img2img: /workspace/SD-DarkMaster-Pro/storage/outputs/img2img-images
2025-08-23 08:31:17,927 | INFO | Created outputs/extras: /workspace/SD-DarkMaster-Pro/storage/outputs/extras-images
2025-08-23 08:31:17,928 | INFO | Created outputs/grids: /workspace/SD-DarkMaster-Pro/storage/outputs/txt2img-grids
2025-08-23 08:31:17,928 | INFO | Created outputs/samples: /workspace/SD-DarkMaster-Pro/storage/outputs/samples
2025-08-23 08:31:17,928 | INFO | Created outputs/temp: /workspace/SD-DarkMaster-Pro/storage/outputs/temp
2025-08-23 08:31:17,929 | INFO | Created cache/huggingface: /workspace/SD-DarkMaster-Pro/storage/cache/huggingface
2025-08-23 08:31:17,929 | INFO | Created cache/clip: /workspace/SD-DarkMaster-Pro/storage/cache/clip
2025-08-23 08:31:17,930 | INFO | Created cache/torch: /workspace/SD-DarkMaster-Pro/storage/cache/torch
2025-08-23 08:31:17,930 | INFO | Created cache/transformers: /workspace/SD-DarkMaster-Pro/storage/cache/transformers
2025-08-23 08:31:17,930 | INFO | Created configs/webui: /workspace/SD-DarkMaster-Pro/storage/configs/webui
2025-08-23 08:31:17,931 | INFO | Created configs/models: /workspace/SD-DarkMaster-Pro/storage/configs/models
2025-08-23 08:31:17,931 | INFO | Created configs/presets: /workspace/SD-DarkMaster-Pro/storage/configs/presets
2025-08-23 08:31:17,931 | INFO | ✅ Unified storage initialized successfully
2025-08-23 08:31:18,418 | INFO | Detected platform: colab (via path: /content)
