2025-08-23 11:24:40,677 | WARNING | Extensions file not found: /workspace/SD-DarkMaster-Pro/scripts/_extensions.txt
2025-08-23 11:24:40,679 | INFO | Session initialized: 3f6e21ae
2025-08-23 11:24:40,680 | INFO | Installing core dependencies...
2025-08-23 11:24:40,680 | INFO | Installing 27 dependencies for workspace
2025-08-23 11:25:51,374 | INFO | Installed batch 1: ['streamlit>=1.29.0', 'gradio>=4.0.0', 'torch>=2.0.0', 'streamlit-option-menu>=0.3.6', 'streamlit-antd-components>=0.3.0']
2025-08-23 11:26:09,932 | INFO | Installed batch 2: ['streamlit-card>=0.0.5', 'streamlit-extras>=0.3.6', 'torchvision', 'transformers>=4.30.0', 'diffusers>=0.21.0']
2025-08-23 11:26:15,882 | INFO | Installed batch 3: ['accelerate', 'xformers', 'opencv-python', 'Pillow>=10.0.0', 'numpy']
2025-08-23 11:26:16,328 | INFO | Installed batch 4: ['pandas', 'requests', 'tqdm', 'pyyaml', 'jsonschema']
2025-08-23 11:26:18,080 | INFO | Installed batch 5: ['aiohttp', 'aiofiles', 'psutil', 'matplotlib', 'seaborn']
2025-08-23 11:26:18,520 | INFO | Installed batch 6: ['plotly', 'rich']
2025-08-23 11:26:18,522 | INFO | Setting up unified storage...
2025-08-23 11:26:18,522 | INFO | Setting up unified storage structure...
2025-08-23 11:26:18,523 | INFO | Created checkpoints directory: /workspace/SD-DarkMaster-Pro/storage/models/Stable-diffusion
2025-08-23 11:26:18,524 | INFO | Created vae directory: /workspace/SD-DarkMaster-Pro/storage/models/VAE
2025-08-23 11:26:18,524 | INFO | Created lora directory: /workspace/SD-DarkMaster-Pro/storage/models/Lora
2025-08-23 11:26:18,525 | INFO | Created embeddings directory: /workspace/SD-DarkMaster-Pro/storage/embeddings
2025-08-23 11:26:18,526 | INFO | Created hypernetworks directory: /workspace/SD-DarkMaster-Pro/storage/models/hypernetworks
2025-08-23 11:26:18,526 | INFO | Created controlnet directory: /workspace/SD-DarkMaster-Pro/storage/models/ControlNet
2025-08-23 11:26:18,527 | INFO | Created upscalers directory: /workspace/SD-DarkMaster-Pro/storage/models/ESRGAN
2025-08-23 11:26:18,527 | INFO | Creating configuration files...
2025-08-23 11:26:18,528 | INFO | Created Streamlit config: /workspace/SD-DarkMaster-Pro/configs/streamlit/config.toml
2025-08-23 11:26:18,529 | INFO | Created Gradio config: /workspace/SD-DarkMaster-Pro/configs/gradio_fallback/interface_config.json
2025-08-23 11:26:18,530 | INFO | Created environment config: /workspace/SD-DarkMaster-Pro/configs/environment.json
