2025-08-23 11:26:34,386 | WARNING | Extensions file not found: /workspace/SD-DarkMaster-Pro/scripts/_extensions.txt
2025-08-23 11:26:34,388 | INFO | Session initialized: 717301c8
2025-08-23 11:26:34,389 | INFO | Installing core dependencies...
2025-08-23 11:26:34,389 | INFO | Installing 27 dependencies for workspace
2025-08-23 11:26:35,423 | INFO | Installed batch 1: ['streamlit>=1.29.0', 'gradio>=4.0.0', 'torch>=2.0.0', 'streamlit-option-menu>=0.3.6', 'streamlit-antd-components>=0.3.0']
2025-08-23 11:26:36,031 | INFO | Installed batch 2: ['streamlit-card>=0.0.5', 'streamlit-extras>=0.3.6', 'torchvision', 'transformers>=4.30.0', 'diffusers>=0.21.0']
2025-08-23 11:26:36,493 | INFO | Installed batch 3: ['accelerate', 'xformers', 'opencv-python', 'Pillow>=10.0.0', 'numpy']
2025-08-23 11:26:36,931 | INFO | Installed batch 4: ['pandas', 'requests', 'tqdm', 'pyyaml', 'jsonschema']
2025-08-23 11:26:37,380 | INFO | Installed batch 5: ['aiohttp', 'aiofiles', 'psutil', 'matplotlib', 'seaborn']
2025-08-23 11:26:37,800 | INFO | Installed batch 6: ['plotly', 'rich']
2025-08-23 11:26:37,801 | INFO | Setting up unified storage...
2025-08-23 11:26:37,801 | INFO | Setting up unified storage structure...
2025-08-23 11:26:37,802 | INFO | Created checkpoints directory: /workspace/SD-DarkMaster-Pro/storage/models/Stable-diffusion
2025-08-23 11:26:37,802 | INFO | Created vae directory: /workspace/SD-DarkMaster-Pro/storage/models/VAE
2025-08-23 11:26:37,802 | INFO | Created lora directory: /workspace/SD-DarkMaster-Pro/storage/models/Lora
2025-08-23 11:26:37,803 | INFO | Created embeddings directory: /workspace/SD-DarkMaster-Pro/storage/embeddings
2025-08-23 11:26:37,804 | INFO | Created hypernetworks directory: /workspace/SD-DarkMaster-Pro/storage/models/hypernetworks
2025-08-23 11:26:37,804 | INFO | Created controlnet directory: /workspace/SD-DarkMaster-Pro/storage/models/ControlNet
2025-08-23 11:26:37,805 | INFO | Created upscalers directory: /workspace/SD-DarkMaster-Pro/storage/models/ESRGAN
2025-08-23 11:26:37,805 | INFO | Creating configuration files...
2025-08-23 11:26:37,806 | INFO | Created Streamlit config: /workspace/SD-DarkMaster-Pro/configs/streamlit/config.toml
2025-08-23 11:26:37,806 | INFO | Created Gradio config: /workspace/SD-DarkMaster-Pro/configs/gradio_fallback/interface_config.json
2025-08-23 11:26:37,808 | INFO | Created environment config: /workspace/SD-DarkMaster-Pro/configs/environment.json
