2025-08-23 11:26:52,832 | INFO | Loaded 29 extensions for pre-installation
2025-08-23 11:26:52,833 | INFO | Session initialized: d62b4a67
2025-08-23 11:26:52,833 | INFO | Installing core dependencies...
2025-08-23 11:26:52,833 | INFO | Installing 27 dependencies for workspace
2025-08-23 11:26:53,875 | INFO | Installed batch 1: ['streamlit>=1.29.0', 'gradio>=4.0.0', 'torch>=2.0.0', 'streamlit-option-menu>=0.3.6', 'streamlit-antd-components>=0.3.0']
2025-08-23 11:26:54,506 | INFO | Installed batch 2: ['streamlit-card>=0.0.5', 'streamlit-extras>=0.3.6', 'torchvision', 'transformers>=4.30.0', 'diffusers>=0.21.0']
2025-08-23 11:26:54,979 | INFO | Installed batch 3: ['accelerate', 'xformers', 'opencv-python', 'Pillow>=10.0.0', 'numpy']
2025-08-23 11:26:55,418 | INFO | Installed batch 4: ['pandas', 'requests', 'tqdm', 'pyyaml', 'jsonschema']
2025-08-23 11:26:55,872 | INFO | Installed batch 5: ['aiohttp', 'aiofiles', 'psutil', 'matplotlib', 'seaborn']
2025-08-23 11:26:56,302 | INFO | Installed batch 6: ['plotly', 'rich']
2025-08-23 11:26:56,302 | INFO | Setting up unified storage...
2025-08-23 11:26:56,302 | INFO | Setting up unified storage structure...
2025-08-23 11:26:56,303 | INFO | Created checkpoints directory: /workspace/storage/models/Stable-diffusion
2025-08-23 11:26:56,303 | INFO | Created vae directory: /workspace/storage/models/VAE
2025-08-23 11:26:56,303 | INFO | Created lora directory: /workspace/storage/models/Lora
2025-08-23 11:26:56,303 | INFO | Created embeddings directory: /workspace/storage/embeddings
2025-08-23 11:26:56,303 | INFO | Created hypernetworks directory: /workspace/storage/models/hypernetworks
2025-08-23 11:26:56,303 | INFO | Created controlnet directory: /workspace/storage/models/ControlNet
2025-08-23 11:26:56,303 | INFO | Created upscalers directory: /workspace/storage/models/ESRGAN
2025-08-23 11:26:56,303 | INFO | Creating configuration files...
2025-08-23 11:26:56,303 | INFO | Created Streamlit config: /workspace/configs/streamlit/config.toml
2025-08-23 11:26:56,303 | INFO | Created Gradio config: /workspace/configs/gradio_fallback/interface_config.json
2025-08-23 11:26:56,304 | INFO | Created environment config: /workspace/configs/environment.json
