2025-08-23 14:09:42,285 | WARNING | Extensions file not found: /workspace/SD-DarkMaster-Pro/scripts/_extensions.txt
2025-08-23 14:09:42,287 | INFO | Session initialized: fadf8485
2025-08-23 14:09:42,288 | INFO | Installing core dependencies...
2025-08-23 14:09:42,289 | INFO | Installing 27 dependencies for workspace
2025-08-23 14:09:43,420 | INFO | Installed batch 1: ['streamlit>=1.29.0', 'gradio>=4.0.0', 'torch>=2.0.0', 'streamlit-option-menu>=0.3.6', 'streamlit-antd-components>=0.3.0']
2025-08-23 14:09:44,031 | INFO | Installed batch 2: ['streamlit-card>=0.0.5', 'streamlit-extras>=0.3.6', 'torchvision', 'transformers>=4.30.0', 'diffusers>=0.21.0']
2025-08-23 14:09:44,491 | INFO | Installed batch 3: ['accelerate', 'xformers', 'opencv-python', 'Pillow>=10.0.0', 'numpy']
2025-08-23 14:09:44,929 | INFO | Installed batch 4: ['pandas', 'requests', 'tqdm', 'pyyaml', 'jsonschema']
2025-08-23 14:09:45,373 | INFO | Installed batch 5: ['aiohttp', 'aiofiles', 'psutil', 'matplotlib', 'seaborn']
2025-08-23 14:09:45,795 | INFO | Installed batch 6: ['plotly', 'rich']
2025-08-23 14:09:45,796 | INFO | Setting up unified storage...
2025-08-23 14:09:45,796 | INFO | Setting up unified storage structure...
2025-08-23 14:09:45,797 | INFO | Created checkpoints directory: /workspace/SD-DarkMaster-Pro/storage/models/Stable-diffusion
2025-08-23 14:09:45,798 | INFO | Created vae directory: /workspace/SD-DarkMaster-Pro/storage/models/VAE
2025-08-23 14:09:45,798 | INFO | Created lora directory: /workspace/SD-DarkMaster-Pro/storage/models/Lora
2025-08-23 14:09:45,798 | INFO | Created embeddings directory: /workspace/SD-DarkMaster-Pro/storage/embeddings
2025-08-23 14:09:45,799 | INFO | Created hypernetworks directory: /workspace/SD-DarkMaster-Pro/storage/models/hypernetworks
2025-08-23 14:09:45,799 | INFO | Created controlnet directory: /workspace/SD-DarkMaster-Pro/storage/models/ControlNet
2025-08-23 14:09:45,799 | INFO | Created upscalers directory: /workspace/SD-DarkMaster-Pro/storage/models/ESRGAN
2025-08-23 14:09:45,803 | INFO | Creating configuration files...
2025-08-23 14:09:45,804 | INFO | Created Streamlit config: /workspace/SD-DarkMaster-Pro/configs/streamlit/config.toml
2025-08-23 14:09:45,804 | INFO | Created Gradio config: /workspace/SD-DarkMaster-Pro/configs/gradio_fallback/interface_config.json
2025-08-23 14:09:45,806 | INFO | Created environment config: /workspace/SD-DarkMaster-Pro/configs/environment.json
