2025-08-20 02:28:05,110 | INFO | Loaded 29 extensions for pre-installation
2025-08-20 02:28:05,112 | INFO | Session initialized: b30b4d53
2025-08-20 02:28:05,112 | INFO | Installing core dependencies...
2025-08-20 02:28:05,112 | INFO | Installing 23 dependencies for workspace
2025-08-20 02:28:06,187 | INFO | Installed batch 1: ['streamlit>=1.28.0', 'gradio>=4.0.0', 'torch>=2.0.0', 'torchvision', 'transformers>=4.30.0']
2025-08-20 02:28:06,651 | INFO | Installed batch 2: ['diffusers>=0.21.0', 'accelerate', 'xformers', 'opencv-python', 'Pillow>=10.0.0']
2025-08-20 02:28:07,092 | INFO | Installed batch 3: ['numpy', 'pandas', 'requests', 'tqdm', 'pyyaml']
2025-08-20 02:28:07,545 | INFO | Installed batch 4: ['jsonschema', 'aiohttp', 'aiofiles', 'psutil', 'matplotlib']
2025-08-20 02:28:07,997 | INFO | Installed batch 5: ['seaborn', 'plotly', 'rich']
2025-08-20 02:28:07,997 | INFO | Setting up unified storage...
2025-08-20 02:28:07,999 | INFO | Setting up unified storage structure...
2025-08-20 02:28:07,999 | INFO | Created checkpoints directory: /workspace/SD-DarkMaster-Pro/storage/models/Stable-diffusion
2025-08-20 02:28:08,000 | INFO | Created vae directory: /workspace/SD-DarkMaster-Pro/storage/models/VAE
2025-08-20 02:28:08,000 | INFO | Created lora directory: /workspace/SD-DarkMaster-Pro/storage/models/Lora
2025-08-20 02:28:08,001 | INFO | Created embeddings directory: /workspace/SD-DarkMaster-Pro/storage/embeddings
2025-08-20 02:28:08,001 | INFO | Created hypernetworks directory: /workspace/SD-DarkMaster-Pro/storage/models/hypernetworks
2025-08-20 02:28:08,002 | INFO | Created controlnet directory: /workspace/SD-DarkMaster-Pro/storage/models/ControlNet
2025-08-20 02:28:08,002 | INFO | Created upscalers directory: /workspace/SD-DarkMaster-Pro/storage/models/ESRGAN
2025-08-20 02:28:08,003 | INFO | Creating configuration files...
2025-08-20 02:28:08,004 | INFO | Created Streamlit config: /workspace/SD-DarkMaster-Pro/configs/streamlit/config.toml
2025-08-20 02:28:08,004 | INFO | Created Gradio config: /workspace/SD-DarkMaster-Pro/configs/gradio_fallback/interface_config.json
2025-08-20 02:28:08,006 | INFO | Created environment config: /workspace/SD-DarkMaster-Pro/configs/environment.json
