2025-08-20 03:25:57,275 | INFO | Loaded 29 extensions for pre-installation
2025-08-20 03:25:57,277 | INFO | Session initialized: 627d0c4e
2025-08-20 03:25:57,277 | INFO | Installing core dependencies...
2025-08-20 03:25:57,278 | INFO | Installing 23 dependencies for workspace
2025-08-20 03:25:58,348 | INFO | Installed batch 1: ['streamlit>=1.28.0', 'gradio>=4.0.0', 'torch>=2.0.0', 'torchvision', 'transformers>=4.30.0']
2025-08-20 03:25:58,818 | INFO | Installed batch 2: ['diffusers>=0.21.0', 'accelerate', 'xformers', 'opencv-python', 'Pillow>=10.0.0']
2025-08-20 03:25:59,279 | INFO | Installed batch 3: ['numpy', 'pandas', 'requests', 'tqdm', 'pyyaml']
2025-08-20 03:25:59,753 | INFO | Installed batch 4: ['jsonschema', 'aiohttp', 'aiofiles', 'psutil', 'matplotlib']
2025-08-20 03:26:00,211 | INFO | Installed batch 5: ['seaborn', 'plotly', 'rich']
2025-08-20 03:26:00,212 | INFO | Setting up unified storage...
2025-08-20 03:26:00,212 | INFO | Setting up unified storage structure...
2025-08-20 03:26:00,213 | INFO | Created checkpoints directory: /workspace/SD-DarkMaster-Pro/storage/models/Stable-diffusion
2025-08-20 03:26:00,213 | INFO | Created vae directory: /workspace/SD-DarkMaster-Pro/storage/models/VAE
2025-08-20 03:26:00,214 | INFO | Created lora directory: /workspace/SD-DarkMaster-Pro/storage/models/Lora
2025-08-20 03:26:00,214 | INFO | Created embeddings directory: /workspace/SD-DarkMaster-Pro/storage/embeddings
2025-08-20 03:26:00,215 | INFO | Created hypernetworks directory: /workspace/SD-DarkMaster-Pro/storage/models/hypernetworks
2025-08-20 03:26:00,215 | INFO | Created controlnet directory: /workspace/SD-DarkMaster-Pro/storage/models/ControlNet
2025-08-20 03:26:00,215 | INFO | Created upscalers directory: /workspace/SD-DarkMaster-Pro/storage/models/ESRGAN
2025-08-20 03:26:00,216 | INFO | Creating configuration files...
2025-08-20 03:26:00,217 | INFO | Created Streamlit config: /workspace/SD-DarkMaster-Pro/configs/streamlit/config.toml
2025-08-20 03:26:00,217 | INFO | Created Gradio config: /workspace/SD-DarkMaster-Pro/configs/gradio_fallback/interface_config.json
2025-08-20 03:26:00,218 | INFO | Created environment config: /workspace/SD-DarkMaster-Pro/configs/environment.json
2025-08-20 03:26:04,120 | INFO | Initializing unified storage structure...
2025-08-20 03:26:04,121 | INFO | Created models/checkpoints: /workspace/SD-DarkMaster-Pro/storage/models/Stable-diffusion
2025-08-20 03:26:04,121 | INFO | Created models/vae: /workspace/SD-DarkMaster-Pro/storage/models/VAE
2025-08-20 03:26:04,122 | INFO | Created models/lora: /workspace/SD-DarkMaster-Pro/storage/models/Lora
2025-08-20 03:26:04,123 | INFO | Created models/lycoris: /workspace/SD-DarkMaster-Pro/storage/models/LyCORIS
2025-08-20 03:26:04,124 | INFO | Created models/embeddings: /workspace/SD-DarkMaster-Pro/storage/embeddings
2025-08-20 03:26:04,124 | INFO | Created models/hypernetworks: /workspace/SD-DarkMaster-Pro/storage/models/hypernetworks
2025-08-20 03:26:04,125 | INFO | Created models/controlnet: /workspace/SD-DarkMaster-Pro/storage/models/ControlNet
2025-08-20 03:26:04,128 | INFO | Created models/upscalers: /workspace/SD-DarkMaster-Pro/storage/models/ESRGAN
2025-08-20 03:26:04,130 | INFO | Created models/clip: /workspace/SD-DarkMaster-Pro/storage/models/CLIP
2025-08-20 03:26:04,131 | INFO | Created models/clip_vision: /workspace/SD-DarkMaster-Pro/storage/models/CLIP_vision
2025-08-20 03:26:04,131 | INFO | Created models/diffusers: /workspace/SD-DarkMaster-Pro/storage/models/diffusers
2025-08-20 03:26:04,132 | INFO | Created outputs/txt2img: /workspace/SD-DarkMaster-Pro/storage/outputs/txt2img-images
2025-08-20 03:26:04,133 | INFO | Created outputs/img2img: /workspace/SD-DarkMaster-Pro/storage/outputs/img2img-images
2025-08-20 03:26:04,133 | INFO | Created outputs/extras: /workspace/SD-DarkMaster-Pro/storage/outputs/extras-images
2025-08-20 03:26:04,134 | INFO | Created outputs/grids: /workspace/SD-DarkMaster-Pro/storage/outputs/txt2img-grids
2025-08-20 03:26:04,134 | INFO | Created outputs/samples: /workspace/SD-DarkMaster-Pro/storage/outputs/samples
2025-08-20 03:26:04,134 | INFO | Created outputs/temp: /workspace/SD-DarkMaster-Pro/storage/outputs/temp
2025-08-20 03:26:04,135 | INFO | Created cache/huggingface: /workspace/SD-DarkMaster-Pro/storage/cache/huggingface
2025-08-20 03:26:04,135 | INFO | Created cache/clip: /workspace/SD-DarkMaster-Pro/storage/cache/clip
2025-08-20 03:26:04,135 | INFO | Created cache/torch: /workspace/SD-DarkMaster-Pro/storage/cache/torch
2025-08-20 03:26:04,136 | INFO | Created cache/transformers: /workspace/SD-DarkMaster-Pro/storage/cache/transformers
2025-08-20 03:26:04,136 | INFO | Created configs/webui: /workspace/SD-DarkMaster-Pro/storage/configs/webui
2025-08-20 03:26:04,136 | INFO | Created configs/models: /workspace/SD-DarkMaster-Pro/storage/configs/models
2025-08-20 03:26:04,137 | INFO | Created configs/presets: /workspace/SD-DarkMaster-Pro/storage/configs/presets
2025-08-20 03:26:04,137 | INFO | ✅ Unified storage initialized successfully
2025-08-20 03:26:04,278 | INFO | Detected platform: runpod (via path: /workspace)
2025-08-20 03:26:05,359 | INFO | Detected platform: runpod (via path: /workspace)
2025-08-20 03:26:05,703 | INFO | HTTP Request: GET https://api.gradio.app/pkg-version "HTTP/1.1 200 OK"
